
ROM used: 130 (0%)
          130 (0%) including unused fragments

          0 Average locations per line
          1 Average locations per statement

RAM used: 5 (0%) at main() level
          6 (0%) worst case

Stack used: 1 worst case (out of 31 total available)

Lines Stmts  %   Files
----- ----- ---  -----
   52    18  18  pruebapicgh.c
  354     0   0  ..\..\..\..\..\..\Archivos de programa\PICC\devices\18f452.h
  348    83  82  ..\..\..\..\..\..\Archivos de programa\PICC\drivers\LCD.c
----- -----
  754   101 Total

Page ROM  %  RAM   Vol Diff  Functions:
---- --- --- ---   --- ----  ----------
0     38  15   1             @delay_ms1
0     88  34   1   373  2.4  MAIN

Program metrics:
    Functions               1
    Statements              101
    Comments                170
    Volume (V)              375
    Difficilty (D)          2.3
    Effort to implement (E) 859
    Time to implement (T)   1 minutes
    Est Delivered Bugs (B)  0
    Cyclomatic Complexity   1
    Maintainability (MI)    114

 Segment     Used  Free
-----------  ----  ----
00000-00002     4  0  
00004-07FFE   126  32638  



