
ROM used: 5608 (17%)
          5608 (17%) including unused fragments

          5 Average locations per line
          12 Average locations per statement

RAM used: 43 (3%) at main() level
          60 (4%) worst case

Stack used: 10 worst case (out of 31 total available)

Lines Stmts  %   Files
----- ----- ---  -----
  526   382  82  avance22.c
  354     0   0  ..\..\..\..\..\..\Archivos de programa\PICC\devices\18f452.h
  348    83  18  ..\..\..\..\..\..\Archivos de programa\PICC\drivers\LCD.c
----- -----
 1228   465 Total

Page ROM  %  RAM   Vol Diff  Functions:
---- --- --- ---   --- ----  ----------
0     40   0   1             @delay_ms1
0     30   0   0             @const75
0     74   1   3   751  4.5  lcd_read_byte
0     82   1   2   254  3.7  lcd_read_nibble
0     62   1   1   391  2.4  lcd_send_nibble
0     64   1   3   313  3.4  lcd_send_byte
0    128   1   2   660  4.9  lcd_init
0     34   0   4   186  5.5  lcd_gotoxy
0     82   1   1   272  4.1  lcd_putc
0     18   0   0    37  1.3  RDA_isr
0     52   0   3    90  2.5  timer0_isr
0     50   0   0    70  1.5  do_proceso1
0      2   0   0             @const140
0     32   0   2             @PSTRINGC_93
0     10   0   0             @const142
0     10   0   0             @const143
0     34   0   2             @PSTRINGC_9600_31766_31767
0     50   0   0    70  1.5  do_proceso2
0      2   0   0             @const146
0     10   0   0             @const147
0     10   0   0             @const148
0     50   0   0    70  1.5  do_proceso3
0      2   0   0             @const150
0     10   0   0             @const151
0     10   0   0             @const152
0     50   0   0    70  1.5  do_proceso4
0      2   0   0             @const154
0     10   0   0             @const155
0     10   0   0             @const156
0   4000  36   2 11655  7.5  do_proceso11
0     30   0   5             @MUL1616
0    326   3   0   931  4.3  MAIN
0      6   0   0             @const163
0      2   0   0             @const164
0     12   0   0             @const165
0     12   0   0             @const166
0      2   0   0             @const167
0      2   0   0             @const168
0     16   0   0             @const169
0     22   0   0             @const170

Program metrics:
    Functions               15
    Statements              465
    Comments                194
    Volume (V)              20487
    Difficilty (D)          51.4
    Effort to implement (E) 1052057
    Time to implement (T)   16 hours, 14 minutes
    Est Delivered Bugs (B)  3
    Cyclomatic Complexity   81
    Maintainability (MI)    44

 Segment     Used  Free
-----------  ----  ----
00000-00002     4  0  
00004-00006     0  4  
00008-000A0   154  0  
000A2-07FFE  5450  27156  



