
ROM used: 15466 (47%)
          15466 (47%) including unused fragments

          9 Average locations per line
          15 Average locations per statement

RAM used: 133 (9%) at main() level
          157 (10%) worst case

Stack used: 13 worst case (out of 31 total available)

Lines Stmts  %   Files
----- ----- ---  -----
 1272   957  94  avance33.c
  354     0   0  ..\..\Program Files (x86)\PICC\devices\18f452.h
  183    63   6  lcd.c
----- -----
 1809  1020 Total

Page ROM  %  RAM   Vol Diff  Functions:
---- --- --- ---   --- ----  ----------
0     38   0   1             @delay_ms1
0     30   0   0             @const75
0     58   0   3   463  4.3  lcd_read_byte
0     30   0   1   134  2.2  lcd_send_nibble
0     54   0   3   317  4.3  lcd_send_byte
0    154   0   2   422  4.7  lcd_init
0     34   0   4   186  5.5  lcd_gotoxy
0     68   0   1   272  4.1  lcd_putc
0    860   3   3  1527  5.3  ver_estado_proceso
0     30   0   5             @MUL1616
0     24   0   0             @const166
0     28   0   0             @const167
0     26   0   0             @const168
0    356   1   5   971  3.9  ver_cola
0     32   0   0             @const179
0     34   0   0             @const180
0     32   0   0             @const181
0     32   0   0             @const182
0     34   0   0             @const183
0     34   0   0             @const184
0     32   0   0             @const185
0     34   0   0   174  2.7  @const186
0     48   0   0   174  2.7  RDA_isr
0    728   2   3  2078  6.4  timer0_isr
0     14   0   0             @const189
0     34   0   2             @PSTRINGC_9600_31766_31767
0     50   0   0             @const191
0     58   0   0             @const192
0     40   0   3             @DIV88
0    108   0   2             @PRINTF_U_9600_31766_31767
0     32   0   3             @PSTRINGCN_9600_31766_31767
0    164   1   9             @PRINTF_LU_9600_31766_31767
0     38   0   2             @PSTRINGR_9600_31766_31767
0     58   0   0             @const204
0     58   0   0             @const205
0     30   0   0             @const206
0     20   0   0             @const208
0     20   0   0             @const210
0      2   0   0             @const211
0     32   0   2             @PSTRINGC_95
0     16   0   0             @const213
0     22   0   0    70  1.5  @const214
0     88   0   0    70  1.5  do_proceso1
0      2   0   0             @const216
0     10   0   0             @const217
0     10   0   0    70  1.5  @const218
0     88   0   0    70  1.5  do_proceso2
0      2   0   0             @const220
0     10   0   0             @const221
0     10   0   0    70  1.5  @const222
0     88   0   0    70  1.5  do_proceso3
0      2   0   0             @const224
0     10   0   0             @const225
0     10   0   0    18  1.0  @const226
0      6   0   0    18  1.0  descargar_proceso1
0      6   0   0    18  1.0  descargar_proceso2
0      6   0   0    18  1.0  descargar_proceso3
0   2742   9   2  6561  7.0  do_proceso11
0   2738   9   2  6318  7.0  do_proceso22
0   5440  18   2 13807  7.0  do_proceso33
0    380   1   0  1390  5.8  MAIN
0      6   0   0             @const235
0      2   0   0             @const236
0     12   0   0             @const237
0     12   0   0             @const238
0      2   0   0             @const239

Program metrics:
    Functions               25
    Statements              1020
    Comments                210
    Volume (V)              49243
    Difficilty (D)          90.9
    Effort to implement (E) 4475846
    Time to implement (T)   69 hours, 4 minutes
    Est Delivered Bugs (B)  9
    Cyclomatic Complexity   209
    Maintainability (MI)    21

 Segment     Used  Free
-----------  ----  ----
00000-00002     4  0  
00004-00006     0  4  
00008-000A0   154  0  
000A2-07FFE  15308  17298  



